oooooooooooooooooooooooooooooooooooooooo
----------------------------------------
服务器通知 (2025-03-15 14:20:56):
  海绵宝宝进入了聊天室.
----------------------------------------
服务器通知 (2025-03-15 14:20:57):
  派大星进入了聊天室.
----------------------------------------
派大星 (2025-03-15 14:21:04):
  hello
----------------------------------------
海绵宝宝 (2025-03-15 14:21:12):
  hip
----------------------------------------
派大星 (2025-03-15 14:21:16):
  where
----------------------------------------
海绵宝宝 (2025-03-15 14:21:26):
  13.1.9.61.4.6.16.1.31
----------------------------------------
派大星 (2025-03-15 14:21:28):
  k
----------------------------------------
海绵宝宝 (2025-03-15 14:21:34):
  30ml
----------------------------------------
派大星 (2025-03-15 14:21:39):
  ksl
----------------------------------------
服务器通知 (2025-03-15 14:21:42):
  服务器已断开,会话结束.
oooooooooooooooooooooooooooooooooooooooo
